<?xml version="1.0" encoding="UTF-8"?>
<Site BuildName="Win32-MSBuild"
	BuildStamp="20251107-2146-Experimental"
	Name="Leifs-PC"
	Generator="ctest-4.1.2"
	CompilerName="C:/Program Files (x86)/Microsoft Visual Studio/2019/BuildTools/VC/Tools/MSVC/14.29.30133/bin/Hostx64/x64/cl.exe"
	CompilerVersion="19.29.30154.0"
	OSName="Windows"
	Hostname="Leifs-PC"
	OSRelease=" Personal"
	OSVersion=" (Build 19045)"
	OSPlatform="AMD64"
	Is64Bits="1"
	VendorString="GenuineIntel"
	VendorID="Intel Corporation"
	FamilyID="6"
	ModelID="14"
	ModelName=""
	ProcessorCacheSize="-1"
	NumberOfLogicalCPU="12"
	NumberOfPhysicalCPU="6"
	TotalVirtualMemory="24261"
	TotalPhysicalMemory="16261"
	LogicalProcessorsPerPhysical="2"
	ProcessorClockFrequency="3192"
	>
	<Testing>
		<StartDateTime>Nov 14 17:18 Pacific Standard Time</StartDateTime>
		<StartTestTime>1763169517</StartTestTime>
		<TestList/>
		<EndDateTime>Nov 14 17:18 Pacific Standard Time</EndDateTime>
		<EndTestTime>1763169517</EndTestTime>
		<ElapsedMinutes>0</ElapsedMinutes>
	</Testing>
</Site>
